==============================================

!Do, Jul 30 14:21:49 MESZ 2020

Die Datei 'application.descriptor' wurde der Brokerarchivdatei erfolgreich hinzugefügt.
Die Datei 'bookService-soapui-project.xml' wurde der Brokerarchivdatei erfolgreich hinzugefügt.
Die Datei 'bookService.wsdl' wurde der Brokerarchivdatei erfolgreich hinzugefügt.
Die Datei 'bookService.xsd' wurde der Brokerarchivdatei erfolgreich hinzugefügt.
Die Datei 'bookService_InlineSchema1.xsd' wurde der Brokerarchivdatei erfolgreich hinzugefügt.
Die Datei 'conf\bars\demo.properties' wurde der Brokerarchivdatei erfolgreich hinzugefügt.
Die Datei 'conf\bars\flows.properties' wurde der Brokerarchivdatei erfolgreich hinzugefügt.
Die Datei 'conf\bars\flows.properties.ignore' wurde der Brokerarchivdatei erfolgreich hinzugefügt.
Die Datei 'conf\bars\jenkins.properties' wurde der Brokerarchivdatei erfolgreich hinzugefügt.
Die Datei 'conf\Config.groovy' wurde der Brokerarchivdatei erfolgreich hinzugefügt.
Die Datei 'conf\demo.broker' wurde der Brokerarchivdatei erfolgreich hinzugefügt.
Die Datei 'conf\MQMON.CFG' wurde der Brokerarchivdatei erfolgreich hinzugefügt.
Die Datei 'File2File.msgflow' wurde der Brokerarchivdatei erfolgreich hinzugefügt.
Die Datei 'File2File_Compute.esql' wurde der Brokerarchivdatei erfolgreich hinzugefügt.
Die Datei 'File2MQ.msgflow' wurde der Brokerarchivdatei erfolgreich hinzugefügt.
Die Datei 'FileOut.subflow' wurde der Brokerarchivdatei erfolgreich hinzugefügt.
Die Datei 'IBMdefined\org\w3\www\xml\_1998\namespace\xml.xsd' wurde der Brokerarchivdatei erfolgreich hinzugefügt.
Die Datei 'IBMdefined\org\xmlsoap\schemas\soap\encoding\soapenc11.xsd' wurde der Brokerarchivdatei erfolgreich hinzugefügt.
Die Datei 'IBMdefined\org\xmlsoap\schemas\soap\envelope\soapenv11.xsd' wurde der Brokerarchivdatei erfolgreich hinzugefügt.
Die Datei 'IBMdefined\soap.xsd' wurde der Brokerarchivdatei erfolgreich hinzugefügt.
Die Datei 'JSON2DB.msgflow' wurde der Brokerarchivdatei erfolgreich hinzugefügt.
Die Datei 'log\com\cleverbuilder\www\bookservice\bookService.wsdl.report.txt' wurde der Brokerarchivdatei erfolgreich hinzugefügt.
Die Datei 'log\com\examples\www\wsdl\helloservicewsdl\RockitiserWSTest.wsdl.report.txt' wurde der Brokerarchivdatei erfolgreich hinzugefügt.
Die Datei 'MQ2DB.msgflow' wurde der Brokerarchivdatei erfolgreich hinzugefügt.
Die Datei 'MQ2DB_Database.esql' wurde der Brokerarchivdatei erfolgreich hinzugefügt.
Die Datei 'MQ2MQ.msgflow' wurde der Brokerarchivdatei erfolgreich hinzugefügt.
Die Datei 'MQ2MQ_book2db.esql' wurde der Brokerarchivdatei erfolgreich hinzugefügt.
Die Datei 'MQ2MQ_Compute.esql' wurde der Brokerarchivdatei erfolgreich hinzugefügt.
Die Datei 'WSwithDatabase.msgflow' wurde der Brokerarchivdatei erfolgreich hinzugefügt.
Die Datei 'WSwithDatabase_ws2db.esql' wurde der Brokerarchivdatei erfolgreich hinzugefügt.
Die Anwendungsdatei 'RockitizerDemo.appzip' wurde der Brokerarchivdatei erfolgreich hinzugefügt.
