Befehl wird ausgeführt: mqsipackagebar
Befehlsargumente: '-w C:\rockit\projects\github\test.rockitizer.demo\gradle_build\RockitizerDemo.demo\projects.target\RockitizerDemo\ -a C:\rockit\projects\github\test.rockitizer.demo\gradle_build\RockitizerDemo.demo\bar.target\RockitizerDemo.bar -k RockitizerDemo -i'
==============================================

!Do, Jul 30 14:21:49 MESZ 2020

Datei 'RockitizerDemo' wird gerade verarbeitet.
Anwendungsinhalt:

	Datei 'application.descriptor' wird gerade verarbeitet.
	Die Datei 'application.descriptor' wurde der Brokerarchivdatei erfolgreich hinzugefügt.
	Verstrichene Zeit: '0.002' Sekunde(n).
	
	Datei 'bookService-soapui-project.xml' wird gerade verarbeitet.
	Die Datei 'bookService-soapui-project.xml' wurde der Brokerarchivdatei erfolgreich hinzugefügt.
	Verstrichene Zeit: '0.003' Sekunde(n).
	
	Datei 'bookService.wsdl' wird gerade verarbeitet.
	Die Datei 'bookService.wsdl' wurde der Brokerarchivdatei erfolgreich hinzugefügt.
	Verstrichene Zeit: '0.001' Sekunde(n).
	
	Datei 'bookService.xsd' wird gerade verarbeitet.
	Die Datei 'bookService.xsd' wurde der Brokerarchivdatei erfolgreich hinzugefügt.
	Verstrichene Zeit: '0.0' Sekunde(n).
	
	Datei 'bookService_InlineSchema1.xsd' wird gerade verarbeitet.
	Die Datei 'bookService_InlineSchema1.xsd' wurde der Brokerarchivdatei erfolgreich hinzugefügt.
	Verstrichene Zeit: '0.0' Sekunde(n).
	
	Datei 'conf\bars\demo.properties' wird gerade verarbeitet.
	Die Datei 'conf\bars\demo.properties' wurde der Brokerarchivdatei erfolgreich hinzugefügt.
	Verstrichene Zeit: '0.002' Sekunde(n).
	
	Datei 'conf\bars\flows.properties' wird gerade verarbeitet.
	Die Datei 'conf\bars\flows.properties' wurde der Brokerarchivdatei erfolgreich hinzugefügt.
	Verstrichene Zeit: '0.0' Sekunde(n).
	
	Datei 'conf\bars\flows.properties.ignore' wird gerade verarbeitet.
	Die Datei 'conf\bars\flows.properties.ignore' wurde der Brokerarchivdatei erfolgreich hinzugefügt.
	Verstrichene Zeit: '0.0' Sekunde(n).
	
	Datei 'conf\bars\jenkins.properties' wird gerade verarbeitet.
	Die Datei 'conf\bars\jenkins.properties' wurde der Brokerarchivdatei erfolgreich hinzugefügt.
	Verstrichene Zeit: '0.002' Sekunde(n).
	
	Datei 'conf\Config.groovy' wird gerade verarbeitet.
	Die Datei 'conf\Config.groovy' wurde der Brokerarchivdatei erfolgreich hinzugefügt.
	Verstrichene Zeit: '0.0' Sekunde(n).
	
	Datei 'conf\demo.broker' wird gerade verarbeitet.
	Die Datei 'conf\demo.broker' wurde der Brokerarchivdatei erfolgreich hinzugefügt.
	Verstrichene Zeit: '0.001' Sekunde(n).
	
	Datei 'conf\MQMON.CFG' wird gerade verarbeitet.
	Die Datei 'conf\MQMON.CFG' wurde der Brokerarchivdatei erfolgreich hinzugefügt.
	Verstrichene Zeit: '0.002' Sekunde(n).
	
	Datei 'File2File.msgflow' wird gerade verarbeitet.
	Die Datei 'File2File.msgflow' wurde der Brokerarchivdatei erfolgreich hinzugefügt.
	Verstrichene Zeit: '3.436' Sekunde(n).
	
	Datei 'File2File_Compute.esql' wird gerade verarbeitet.
	Die Datei 'File2File_Compute.esql' wurde der Brokerarchivdatei erfolgreich hinzugefügt.
	Verstrichene Zeit: '0.0' Sekunde(n).
	
	Datei 'File2MQ.msgflow' wird gerade verarbeitet.
	Die Datei 'File2MQ.msgflow' wurde der Brokerarchivdatei erfolgreich hinzugefügt.
	Verstrichene Zeit: '0.137' Sekunde(n).
	
	Datei 'FileOut.subflow' wird gerade verarbeitet.
	Die Datei 'FileOut.subflow' wurde der Brokerarchivdatei erfolgreich hinzugefügt.
	Verstrichene Zeit: '0.018' Sekunde(n).
	
	Datei 'IBMdefined\org\w3\www\xml\_1998\namespace\xml.xsd' wird gerade verarbeitet.
	Die Datei 'IBMdefined\org\w3\www\xml\_1998\namespace\xml.xsd' wurde der Brokerarchivdatei erfolgreich hinzugefügt.
	Verstrichene Zeit: '0.002' Sekunde(n).
	
	Datei 'IBMdefined\org\xmlsoap\schemas\soap\encoding\soapenc11.xsd' wird gerade verarbeitet.
	Die Datei 'IBMdefined\org\xmlsoap\schemas\soap\encoding\soapenc11.xsd' wurde der Brokerarchivdatei erfolgreich hinzugefügt.
	Verstrichene Zeit: '0.002' Sekunde(n).
	
	Datei 'IBMdefined\org\xmlsoap\schemas\soap\envelope\soapenv11.xsd' wird gerade verarbeitet.
	Die Datei 'IBMdefined\org\xmlsoap\schemas\soap\envelope\soapenv11.xsd' wurde der Brokerarchivdatei erfolgreich hinzugefügt.
	Verstrichene Zeit: '0.001' Sekunde(n).
	
	Datei 'IBMdefined\soap.xsd' wird gerade verarbeitet.
	Die Datei 'IBMdefined\soap.xsd' wurde der Brokerarchivdatei erfolgreich hinzugefügt.
	Verstrichene Zeit: '0.001' Sekunde(n).
	
	Datei 'JSON2DB.msgflow' wird gerade verarbeitet.
	Die Datei 'JSON2DB.msgflow' wurde der Brokerarchivdatei erfolgreich hinzugefügt.
	Verstrichene Zeit: '0.042' Sekunde(n).
	
	Datei 'log\com\cleverbuilder\www\bookservice\bookService.wsdl.report.txt' wird gerade verarbeitet.
	Die Datei 'log\com\cleverbuilder\www\bookservice\bookService.wsdl.report.txt' wurde der Brokerarchivdatei erfolgreich hinzugefügt.
	Verstrichene Zeit: '0.001' Sekunde(n).
	
	Datei 'log\com\examples\www\wsdl\helloservicewsdl\RockitiserWSTest.wsdl.report.txt' wird gerade verarbeitet.
	Die Datei 'log\com\examples\www\wsdl\helloservicewsdl\RockitiserWSTest.wsdl.report.txt' wurde der Brokerarchivdatei erfolgreich hinzugefügt.
	Verstrichene Zeit: '0.0' Sekunde(n).
	
	Datei 'MQ2DB.msgflow' wird gerade verarbeitet.
	Die Datei 'MQ2DB.msgflow' wurde der Brokerarchivdatei erfolgreich hinzugefügt.
	Verstrichene Zeit: '0.064' Sekunde(n).
	
	Datei 'MQ2DB_Database.esql' wird gerade verarbeitet.
	Die Datei 'MQ2DB_Database.esql' wurde der Brokerarchivdatei erfolgreich hinzugefügt.
	Verstrichene Zeit: '0.0' Sekunde(n).
	
	Datei 'MQ2MQ.msgflow' wird gerade verarbeitet.
	Die Datei 'MQ2MQ.msgflow' wurde der Brokerarchivdatei erfolgreich hinzugefügt.
	Verstrichene Zeit: '0.024' Sekunde(n).
	
	Datei 'MQ2MQ_book2db.esql' wird gerade verarbeitet.
	Die Datei 'MQ2MQ_book2db.esql' wurde der Brokerarchivdatei erfolgreich hinzugefügt.
	Verstrichene Zeit: '0.002' Sekunde(n).
	
	Datei 'MQ2MQ_Compute.esql' wird gerade verarbeitet.
	Die Datei 'MQ2MQ_Compute.esql' wurde der Brokerarchivdatei erfolgreich hinzugefügt.
	Verstrichene Zeit: '0.0' Sekunde(n).
	
	Datei 'WSwithDatabase.msgflow' wird gerade verarbeitet.
	Die Datei 'WSwithDatabase.msgflow' wurde der Brokerarchivdatei erfolgreich hinzugefügt.
	Verstrichene Zeit: '0.105' Sekunde(n).
	
	Datei 'WSwithDatabase_ws2db.esql' wird gerade verarbeitet.
	Die Datei 'WSwithDatabase_ws2db.esql' wurde der Brokerarchivdatei erfolgreich hinzugefügt.
	Verstrichene Zeit: '0.0' Sekunde(n).
	
Die Anwendungsdatei 'RockitizerDemo.appzip' wurde der Brokerarchivdatei erfolgreich hinzugefügt.
Verstrichene Zeit: '3.902' Sekunde(n).

